2025-07-29 13:36:01,093 DEBUG    root            Loaded Command Group: ['gcloud', 'components']
2025-07-29 13:36:01,097 DEBUG    root            Loaded Command Group: ['gcloud', 'components', 'update']
2025-07-29 13:36:01,099 DEBUG    root            Running [gcloud.components.update] with arguments: [--compile-python: "True", --quiet: "True", COMPONENT-IDS:6: "['core', 'gcloud-deps', 'bq', 'gcloud', 'gcloud-crc32c', 'gsutil']"]
2025-07-29 13:36:01,100 INFO     ___FILE_ONLY___ Beginning update. This process may take several minutes.

2025-07-29 13:36:01,139 DEBUG    urllib3.connectionpool Starting new HTTPS connection (1): dl.google.com:443
2025-07-29 13:36:01,206 DEBUG    urllib3.connectionpool https://dl.google.com:443 "GET /dl/cloudsdk/channels/rapid/components-2.json HTTP/11" 200 239806
2025-07-29 13:36:01,218 INFO     ___FILE_ONLY___ 

2025-07-29 13:36:01,218 INFO     ___FILE_ONLY___ 
Your current Google Cloud CLI version is: 532.0.0

2025-07-29 13:36:01,218 INFO     ___FILE_ONLY___ Installing components from version: 532.0.0

2025-07-29 13:36:01,218 INFO     ___FILE_ONLY___ 

2025-07-29 13:36:01,218 DEBUG    root            Chosen display Format:table[box,title="These components will be removed."](details.display_name:label=Name:align=left,version.version_string:label=Version:align=right,data.size.size(zero="",min=1048576):label=Size:align=right)
2025-07-29 13:36:01,219 DEBUG    root            Chosen display Format:table[box,title="These components will be updated."](details.display_name:label=Name:align=left,version.version_string:label=Version:align=right,data.size.size(zero="",min=1048576):label=Size:align=right)
2025-07-29 13:36:01,219 DEBUG    root            Chosen display Format:table[box,title="These components will be installed."](details.display_name:label=Name:align=left,version.version_string:label=Version:align=right,data.size.size(zero="",min=1048576):label=Size:align=right)
2025-07-29 13:36:01,258 INFO     ___FILE_ONLY___ ┌─────────────────────────────────────────────────────────────────────────────┐
2025-07-29 13:36:01,258 INFO     ___FILE_ONLY___ 

2025-07-29 13:36:01,258 INFO     ___FILE_ONLY___ │                     These components will be installed.                     │
2025-07-29 13:36:01,258 INFO     ___FILE_ONLY___ 

2025-07-29 13:36:01,258 INFO     ___FILE_ONLY___ ├─────────────────────────────────────────────────────┬────────────┬──────────┤
2025-07-29 13:36:01,258 INFO     ___FILE_ONLY___ 

2025-07-29 13:36:01,258 INFO     ___FILE_ONLY___ │                         Name                        │  Version   │   Size   │
2025-07-29 13:36:01,259 INFO     ___FILE_ONLY___ 

2025-07-29 13:36:01,259 INFO     ___FILE_ONLY___ ├─────────────────────────────────────────────────────┼────────────┼──────────┤
2025-07-29 13:36:01,259 INFO     ___FILE_ONLY___ 

2025-07-29 13:36:01,259 INFO     ___FILE_ONLY___ │ 
2025-07-29 13:36:01,259 INFO     ___FILE_ONLY___ BigQuery Command Line Tool                         
2025-07-29 13:36:01,259 INFO     ___FILE_ONLY___  
2025-07-29 13:36:01,259 INFO     ___FILE_ONLY___ │ 
2025-07-29 13:36:01,259 INFO     ___FILE_ONLY___     2.1.21
2025-07-29 13:36:01,259 INFO     ___FILE_ONLY___  
2025-07-29 13:36:01,259 INFO     ___FILE_ONLY___ │ 
2025-07-29 13:36:01,259 INFO     ___FILE_ONLY___  1.8 MiB
2025-07-29 13:36:01,259 INFO     ___FILE_ONLY___  
2025-07-29 13:36:01,259 INFO     ___FILE_ONLY___ │
2025-07-29 13:36:01,259 INFO     ___FILE_ONLY___ 

2025-07-29 13:36:01,259 INFO     ___FILE_ONLY___ │ 
2025-07-29 13:36:01,259 INFO     ___FILE_ONLY___ BigQuery Command Line Tool (Platform Specific)     
2025-07-29 13:36:01,259 INFO     ___FILE_ONLY___  
2025-07-29 13:36:01,259 INFO     ___FILE_ONLY___ │ 
2025-07-29 13:36:01,259 INFO     ___FILE_ONLY___     2.1.17
2025-07-29 13:36:01,259 INFO     ___FILE_ONLY___  
2025-07-29 13:36:01,259 INFO     ___FILE_ONLY___ │ 
2025-07-29 13:36:01,260 INFO     ___FILE_ONLY___  < 1 MiB
2025-07-29 13:36:01,260 INFO     ___FILE_ONLY___  
2025-07-29 13:36:01,260 INFO     ___FILE_ONLY___ │
2025-07-29 13:36:01,260 INFO     ___FILE_ONLY___ 

2025-07-29 13:36:01,260 INFO     ___FILE_ONLY___ │ 
2025-07-29 13:36:01,260 INFO     ___FILE_ONLY___ Bundled Python 3.12 (Platform Specific)            
2025-07-29 13:36:01,260 INFO     ___FILE_ONLY___  
2025-07-29 13:36:01,260 INFO     ___FILE_ONLY___ │ 
2025-07-29 13:36:01,260 INFO     ___FILE_ONLY___     3.12.9
2025-07-29 13:36:01,260 INFO     ___FILE_ONLY___  
2025-07-29 13:36:01,260 INFO     ___FILE_ONLY___ │ 
2025-07-29 13:36:01,260 INFO     ___FILE_ONLY___ 89.3 MiB
2025-07-29 13:36:01,260 INFO     ___FILE_ONLY___  
2025-07-29 13:36:01,260 INFO     ___FILE_ONLY___ │
2025-07-29 13:36:01,260 INFO     ___FILE_ONLY___ 

2025-07-29 13:36:01,260 INFO     ___FILE_ONLY___ │ 
2025-07-29 13:36:01,260 INFO     ___FILE_ONLY___ Cloud Storage Command Line Tool                    
2025-07-29 13:36:01,260 INFO     ___FILE_ONLY___  
2025-07-29 13:36:01,260 INFO     ___FILE_ONLY___ │ 
2025-07-29 13:36:01,260 INFO     ___FILE_ONLY___       5.35
2025-07-29 13:36:01,260 INFO     ___FILE_ONLY___  
2025-07-29 13:36:01,260 INFO     ___FILE_ONLY___ │ 
2025-07-29 13:36:01,261 INFO     ___FILE_ONLY___ 12.4 MiB
2025-07-29 13:36:01,261 INFO     ___FILE_ONLY___  
2025-07-29 13:36:01,261 INFO     ___FILE_ONLY___ │
2025-07-29 13:36:01,261 INFO     ___FILE_ONLY___ 

2025-07-29 13:36:01,261 INFO     ___FILE_ONLY___ │ 
2025-07-29 13:36:01,261 INFO     ___FILE_ONLY___ Cloud Storage Command Line Tool (Platform Specific)
2025-07-29 13:36:01,261 INFO     ___FILE_ONLY___  
2025-07-29 13:36:01,261 INFO     ___FILE_ONLY___ │ 
2025-07-29 13:36:01,261 INFO     ___FILE_ONLY___       5.34
2025-07-29 13:36:01,261 INFO     ___FILE_ONLY___  
2025-07-29 13:36:01,261 INFO     ___FILE_ONLY___ │ 
2025-07-29 13:36:01,261 INFO     ___FILE_ONLY___  < 1 MiB
2025-07-29 13:36:01,261 INFO     ___FILE_ONLY___  
2025-07-29 13:36:01,261 INFO     ___FILE_ONLY___ │
2025-07-29 13:36:01,261 INFO     ___FILE_ONLY___ 

2025-07-29 13:36:01,261 INFO     ___FILE_ONLY___ │ 
2025-07-29 13:36:01,261 INFO     ___FILE_ONLY___ Google Cloud CLI Core Libraries (Platform Specific)
2025-07-29 13:36:01,261 INFO     ___FILE_ONLY___  
2025-07-29 13:36:01,261 INFO     ___FILE_ONLY___ │ 
2025-07-29 13:36:01,261 INFO     ___FILE_ONLY___ 2025.05.23
2025-07-29 13:36:01,261 INFO     ___FILE_ONLY___  
2025-07-29 13:36:01,261 INFO     ___FILE_ONLY___ │ 
2025-07-29 13:36:01,262 INFO     ___FILE_ONLY___  < 1 MiB
2025-07-29 13:36:01,262 INFO     ___FILE_ONLY___  
2025-07-29 13:36:01,262 INFO     ___FILE_ONLY___ │
2025-07-29 13:36:01,262 INFO     ___FILE_ONLY___ 

2025-07-29 13:36:01,262 INFO     ___FILE_ONLY___ │ 
2025-07-29 13:36:01,262 INFO     ___FILE_ONLY___ Google Cloud CRC32C Hash Tool (Platform Specific)  
2025-07-29 13:36:01,262 INFO     ___FILE_ONLY___  
2025-07-29 13:36:01,262 INFO     ___FILE_ONLY___ │ 
2025-07-29 13:36:01,262 INFO     ___FILE_ONLY___      1.0.0
2025-07-29 13:36:01,262 INFO     ___FILE_ONLY___  
2025-07-29 13:36:01,262 INFO     ___FILE_ONLY___ │ 
2025-07-29 13:36:01,262 INFO     ___FILE_ONLY___  1.5 MiB
2025-07-29 13:36:01,262 INFO     ___FILE_ONLY___  
2025-07-29 13:36:01,262 INFO     ___FILE_ONLY___ │
2025-07-29 13:36:01,262 INFO     ___FILE_ONLY___ 

2025-07-29 13:36:01,262 INFO     ___FILE_ONLY___ │ 
2025-07-29 13:36:01,262 INFO     ___FILE_ONLY___ gcloud cli dependencies (Platform Specific)        
2025-07-29 13:36:01,262 INFO     ___FILE_ONLY___  
2025-07-29 13:36:01,262 INFO     ___FILE_ONLY___ │ 
2025-07-29 13:36:01,262 INFO     ___FILE_ONLY___ 2021.04.16
2025-07-29 13:36:01,263 INFO     ___FILE_ONLY___  
2025-07-29 13:36:01,263 INFO     ___FILE_ONLY___ │ 
2025-07-29 13:36:01,263 INFO     ___FILE_ONLY___  < 1 MiB
2025-07-29 13:36:01,263 INFO     ___FILE_ONLY___  
2025-07-29 13:36:01,263 INFO     ___FILE_ONLY___ │
2025-07-29 13:36:01,263 INFO     ___FILE_ONLY___ 

2025-07-29 13:36:01,263 INFO     ___FILE_ONLY___ └─────────────────────────────────────────────────────┴────────────┴──────────┘
2025-07-29 13:36:01,263 INFO     ___FILE_ONLY___ 

2025-07-29 13:36:01,263 INFO     ___FILE_ONLY___ 

2025-07-29 13:36:01,267 DEBUG    urllib3.connectionpool Starting new HTTPS connection (1): dl.google.com:443
2025-07-29 13:36:01,341 DEBUG    urllib3.connectionpool https://dl.google.com:443 "GET /dl/cloudsdk/channels/rapid/RELEASE_NOTES HTTP/11" 200 1460539
2025-07-29 13:36:02,151 INFO     ___FILE_ONLY___ For the latest full release notes, please visit:
  https://cloud.google.com/sdk/release_notes


2025-07-29 13:36:02,152 INFO     ___FILE_ONLY___ Performing in place update...


2025-07-29 13:36:02,154 INFO     ___FILE_ONLY___ ╔════════════════════════════════════════════════════════════╗

2025-07-29 13:36:02,154 INFO     ___FILE_ONLY___ ╠═ Downloading: BigQuery Command Line Tool                  ═╣

2025-07-29 13:36:02,154 INFO     ___FILE_ONLY___ ╚
2025-07-29 13:36:02,157 DEBUG    urllib3.connectionpool Starting new HTTPS connection (1): dl.google.com:443
2025-07-29 13:36:02,280 DEBUG    urllib3.connectionpool https://dl.google.com:443 "GET /dl/cloudsdk/channels/rapid/components/google-cloud-sdk-bq-20250725161220.tar.gz HTTP/11" 200 1856362
2025-07-29 13:36:02,619 INFO     ___FILE_ONLY___ ═
2025-07-29 13:36:02,619 INFO     ___FILE_ONLY___ ═
2025-07-29 13:36:02,619 INFO     ___FILE_ONLY___ ═
2025-07-29 13:36:02,619 INFO     ___FILE_ONLY___ ═
2025-07-29 13:36:02,620 INFO     ___FILE_ONLY___ ═
2025-07-29 13:36:02,620 INFO     ___FILE_ONLY___ ═
2025-07-29 13:36:02,620 INFO     ___FILE_ONLY___ ═
2025-07-29 13:36:02,620 INFO     ___FILE_ONLY___ ═
2025-07-29 13:36:02,620 INFO     ___FILE_ONLY___ ═
2025-07-29 13:36:02,620 INFO     ___FILE_ONLY___ ═
2025-07-29 13:36:02,620 INFO     ___FILE_ONLY___ ═
2025-07-29 13:36:02,620 INFO     ___FILE_ONLY___ ═
2025-07-29 13:36:02,620 INFO     ___FILE_ONLY___ ═
2025-07-29 13:36:02,620 INFO     ___FILE_ONLY___ ═
2025-07-29 13:36:02,620 INFO     ___FILE_ONLY___ ═
2025-07-29 13:36:02,621 INFO     ___FILE_ONLY___ ═
2025-07-29 13:36:02,621 INFO     ___FILE_ONLY___ ═
2025-07-29 13:36:02,621 INFO     ___FILE_ONLY___ ═
2025-07-29 13:36:02,621 INFO     ___FILE_ONLY___ ═
2025-07-29 13:36:02,621 INFO     ___FILE_ONLY___ ═
2025-07-29 13:36:02,621 INFO     ___FILE_ONLY___ ═
2025-07-29 13:36:02,621 INFO     ___FILE_ONLY___ ═
2025-07-29 13:36:02,621 INFO     ___FILE_ONLY___ ═
2025-07-29 13:36:02,621 INFO     ___FILE_ONLY___ ═
2025-07-29 13:36:02,621 INFO     ___FILE_ONLY___ ═
2025-07-29 13:36:02,621 INFO     ___FILE_ONLY___ ═
2025-07-29 13:36:02,622 INFO     ___FILE_ONLY___ ═
2025-07-29 13:36:02,622 INFO     ___FILE_ONLY___ ═
2025-07-29 13:36:02,622 INFO     ___FILE_ONLY___ ═
2025-07-29 13:36:02,622 INFO     ___FILE_ONLY___ ═
2025-07-29 13:36:02,622 INFO     ___FILE_ONLY___ ═
2025-07-29 13:36:02,622 INFO     ___FILE_ONLY___ ═
2025-07-29 13:36:02,622 INFO     ___FILE_ONLY___ ═
2025-07-29 13:36:02,622 INFO     ___FILE_ONLY___ ═
2025-07-29 13:36:02,622 INFO     ___FILE_ONLY___ ═
2025-07-29 13:36:02,622 INFO     ___FILE_ONLY___ ═
2025-07-29 13:36:02,622 INFO     ___FILE_ONLY___ ═
2025-07-29 13:36:02,623 INFO     ___FILE_ONLY___ ═
2025-07-29 13:36:02,623 INFO     ___FILE_ONLY___ ═
2025-07-29 13:36:02,623 INFO     ___FILE_ONLY___ ═
2025-07-29 13:36:02,623 INFO     ___FILE_ONLY___ ═
2025-07-29 13:36:02,623 INFO     ___FILE_ONLY___ ═
2025-07-29 13:36:02,623 INFO     ___FILE_ONLY___ ═
2025-07-29 13:36:02,623 INFO     ___FILE_ONLY___ ═
2025-07-29 13:36:02,623 INFO     ___FILE_ONLY___ ═
2025-07-29 13:36:02,623 INFO     ___FILE_ONLY___ ═
2025-07-29 13:36:02,623 INFO     ___FILE_ONLY___ ═
2025-07-29 13:36:02,623 INFO     ___FILE_ONLY___ ═
2025-07-29 13:36:02,624 INFO     ___FILE_ONLY___ ═
2025-07-29 13:36:02,624 INFO     ___FILE_ONLY___ ═
2025-07-29 13:36:02,624 INFO     ___FILE_ONLY___ ═
2025-07-29 13:36:02,624 INFO     ___FILE_ONLY___ ═
2025-07-29 13:36:02,624 INFO     ___FILE_ONLY___ ═
2025-07-29 13:36:02,624 INFO     ___FILE_ONLY___ ═
2025-07-29 13:36:02,624 INFO     ___FILE_ONLY___ ═
2025-07-29 13:36:02,624 INFO     ___FILE_ONLY___ ═
2025-07-29 13:36:02,624 INFO     ___FILE_ONLY___ ═
2025-07-29 13:36:02,624 INFO     ___FILE_ONLY___ ═
2025-07-29 13:36:02,624 INFO     ___FILE_ONLY___ ═
2025-07-29 13:36:02,625 INFO     ___FILE_ONLY___ ═
2025-07-29 13:36:02,625 INFO     ___FILE_ONLY___ ╝

2025-07-29 13:36:02,627 INFO     ___FILE_ONLY___ ╔════════════════════════════════════════════════════════════╗

2025-07-29 13:36:02,627 INFO     ___FILE_ONLY___ ╠═ Downloading: BigQuery Command Line Tool (Platform Spe... ═╣

2025-07-29 13:36:02,627 INFO     ___FILE_ONLY___ ╚
2025-07-29 13:36:02,631 DEBUG    urllib3.connectionpool Starting new HTTPS connection (1): dl.google.com:443
2025-07-29 13:36:02,728 DEBUG    urllib3.connectionpool https://dl.google.com:443 "GET /dl/cloudsdk/channels/rapid/components/google-cloud-sdk-bq-nix-20250523104322.tar.gz HTTP/11" 200 1935
2025-07-29 13:36:02,729 INFO     ___FILE_ONLY___ ════════════════════════════════════════════════════════════
2025-07-29 13:36:02,729 INFO     ___FILE_ONLY___ ╝

2025-07-29 13:36:02,731 INFO     ___FILE_ONLY___ ╔════════════════════════════════════════════════════════════╗

2025-07-29 13:36:02,731 INFO     ___FILE_ONLY___ ╠═ Downloading: Bundled Python 3.12                         ═╣

2025-07-29 13:36:02,731 INFO     ___FILE_ONLY___ ╚
2025-07-29 13:36:02,731 INFO     ___FILE_ONLY___ ════════════════════════════════════════════════════════════
2025-07-29 13:36:02,731 INFO     ___FILE_ONLY___ ╝

2025-07-29 13:36:02,733 INFO     ___FILE_ONLY___ ╔════════════════════════════════════════════════════════════╗

2025-07-29 13:36:02,733 INFO     ___FILE_ONLY___ ╠═ Downloading: Bundled Python 3.12 (Platform Specific)     ═╣

2025-07-29 13:36:02,733 INFO     ___FILE_ONLY___ ╚
2025-07-29 13:36:02,736 DEBUG    urllib3.connectionpool Starting new HTTPS connection (1): dl.google.com:443
2025-07-29 13:36:02,839 DEBUG    urllib3.connectionpool https://dl.google.com:443 "GET /dl/cloudsdk/channels/rapid/components/google-cloud-sdk-bundled-python3-unix-linux-x86_64-20250502143716.tar.gz HTTP/11" 200 93610468
2025-07-29 13:36:05,896 INFO     ___FILE_ONLY___ ═
2025-07-29 13:36:05,898 INFO     ___FILE_ONLY___ ═
2025-07-29 13:36:05,900 INFO     ___FILE_ONLY___ ═
2025-07-29 13:36:05,902 INFO     ___FILE_ONLY___ ═
2025-07-29 13:36:05,904 INFO     ___FILE_ONLY___ ═
2025-07-29 13:36:05,906 INFO     ___FILE_ONLY___ ═
2025-07-29 13:36:05,908 INFO     ___FILE_ONLY___ ═
2025-07-29 13:36:05,910 INFO     ___FILE_ONLY___ ═
2025-07-29 13:36:05,912 INFO     ___FILE_ONLY___ ═
2025-07-29 13:36:05,914 INFO     ___FILE_ONLY___ ═
2025-07-29 13:36:05,916 INFO     ___FILE_ONLY___ ═
2025-07-29 13:36:05,918 INFO     ___FILE_ONLY___ ═
2025-07-29 13:36:05,920 INFO     ___FILE_ONLY___ ═
2025-07-29 13:36:05,922 INFO     ___FILE_ONLY___ ═
2025-07-29 13:36:05,924 INFO     ___FILE_ONLY___ ═
2025-07-29 13:36:05,926 INFO     ___FILE_ONLY___ ═
2025-07-29 13:36:05,928 INFO     ___FILE_ONLY___ ═
2025-07-29 13:36:05,930 INFO     ___FILE_ONLY___ ═
2025-07-29 13:36:05,931 INFO     ___FILE_ONLY___ ═
2025-07-29 13:36:05,933 INFO     ___FILE_ONLY___ ═
2025-07-29 13:36:05,935 INFO     ___FILE_ONLY___ ═
2025-07-29 13:36:05,937 INFO     ___FILE_ONLY___ ═
2025-07-29 13:36:05,939 INFO     ___FILE_ONLY___ ═
2025-07-29 13:36:05,941 INFO     ___FILE_ONLY___ ═
2025-07-29 13:36:05,943 INFO     ___FILE_ONLY___ ═
2025-07-29 13:36:05,945 INFO     ___FILE_ONLY___ ═
2025-07-29 13:36:05,947 INFO     ___FILE_ONLY___ ═
2025-07-29 13:36:05,949 INFO     ___FILE_ONLY___ ═
2025-07-29 13:36:05,951 INFO     ___FILE_ONLY___ ═
2025-07-29 13:36:05,953 INFO     ___FILE_ONLY___ ═
2025-07-29 13:36:05,954 INFO     ___FILE_ONLY___ ═
2025-07-29 13:36:05,956 INFO     ___FILE_ONLY___ ═
2025-07-29 13:36:05,958 INFO     ___FILE_ONLY___ ═
2025-07-29 13:36:05,960 INFO     ___FILE_ONLY___ ═
2025-07-29 13:36:05,962 INFO     ___FILE_ONLY___ ═
2025-07-29 13:36:05,964 INFO     ___FILE_ONLY___ ═
2025-07-29 13:36:05,966 INFO     ___FILE_ONLY___ ═
2025-07-29 13:36:05,968 INFO     ___FILE_ONLY___ ═
2025-07-29 13:36:05,970 INFO     ___FILE_ONLY___ ═
2025-07-29 13:36:05,972 INFO     ___FILE_ONLY___ ═
2025-07-29 13:36:05,974 INFO     ___FILE_ONLY___ ═
2025-07-29 13:36:05,975 INFO     ___FILE_ONLY___ ═
2025-07-29 13:36:05,977 INFO     ___FILE_ONLY___ ═
2025-07-29 13:36:05,979 INFO     ___FILE_ONLY___ ═
2025-07-29 13:36:05,981 INFO     ___FILE_ONLY___ ═
2025-07-29 13:36:05,983 INFO     ___FILE_ONLY___ ═
2025-07-29 13:36:05,985 INFO     ___FILE_ONLY___ ═
2025-07-29 13:36:05,987 INFO     ___FILE_ONLY___ ═
2025-07-29 13:36:05,989 INFO     ___FILE_ONLY___ ═
2025-07-29 13:36:05,991 INFO     ___FILE_ONLY___ ═
2025-07-29 13:36:05,993 INFO     ___FILE_ONLY___ ═
2025-07-29 13:36:05,995 INFO     ___FILE_ONLY___ ═
2025-07-29 13:36:05,997 INFO     ___FILE_ONLY___ ═
2025-07-29 13:36:05,999 INFO     ___FILE_ONLY___ ═
2025-07-29 13:36:06,001 INFO     ___FILE_ONLY___ ═
2025-07-29 13:36:06,003 INFO     ___FILE_ONLY___ ═
2025-07-29 13:36:06,004 INFO     ___FILE_ONLY___ ═
2025-07-29 13:36:06,006 INFO     ___FILE_ONLY___ ═
2025-07-29 13:36:06,008 INFO     ___FILE_ONLY___ ═
2025-07-29 13:36:06,010 INFO     ___FILE_ONLY___ ═
2025-07-29 13:36:06,010 INFO     ___FILE_ONLY___ ╝

2025-07-29 13:36:06,013 INFO     ___FILE_ONLY___ ╔════════════════════════════════════════════════════════════╗

2025-07-29 13:36:06,013 INFO     ___FILE_ONLY___ ╠═ Downloading: Cloud Storage Command Line Tool             ═╣

2025-07-29 13:36:06,013 INFO     ___FILE_ONLY___ ╚
2025-07-29 13:36:06,016 DEBUG    urllib3.connectionpool Starting new HTTPS connection (1): dl.google.com:443
2025-07-29 13:36:06,126 DEBUG    urllib3.connectionpool https://dl.google.com:443 "GET /dl/cloudsdk/channels/rapid/components/google-cloud-sdk-gsutil-20250627154417.tar.gz HTTP/11" 200 12962791
2025-07-29 13:36:06,779 INFO     ___FILE_ONLY___ ═
2025-07-29 13:36:06,780 INFO     ___FILE_ONLY___ ═
2025-07-29 13:36:06,780 INFO     ___FILE_ONLY___ ═
2025-07-29 13:36:06,781 INFO     ___FILE_ONLY___ ═
2025-07-29 13:36:06,781 INFO     ___FILE_ONLY___ ═
2025-07-29 13:36:06,781 INFO     ___FILE_ONLY___ ═
2025-07-29 13:36:06,782 INFO     ___FILE_ONLY___ ═
2025-07-29 13:36:06,782 INFO     ___FILE_ONLY___ ═
2025-07-29 13:36:06,782 INFO     ___FILE_ONLY___ ═
2025-07-29 13:36:06,783 INFO     ___FILE_ONLY___ ═
2025-07-29 13:36:06,783 INFO     ___FILE_ONLY___ ═
2025-07-29 13:36:06,783 INFO     ___FILE_ONLY___ ═
2025-07-29 13:36:06,783 INFO     ___FILE_ONLY___ ═
2025-07-29 13:36:06,784 INFO     ___FILE_ONLY___ ═
2025-07-29 13:36:06,784 INFO     ___FILE_ONLY___ ═
2025-07-29 13:36:06,785 INFO     ___FILE_ONLY___ ═
2025-07-29 13:36:06,785 INFO     ___FILE_ONLY___ ═
2025-07-29 13:36:06,785 INFO     ___FILE_ONLY___ ═
2025-07-29 13:36:06,786 INFO     ___FILE_ONLY___ ═
2025-07-29 13:36:06,786 INFO     ___FILE_ONLY___ ═
2025-07-29 13:36:06,786 INFO     ___FILE_ONLY___ ═
2025-07-29 13:36:06,787 INFO     ___FILE_ONLY___ ═
2025-07-29 13:36:06,787 INFO     ___FILE_ONLY___ ═
2025-07-29 13:36:06,787 INFO     ___FILE_ONLY___ ═
2025-07-29 13:36:06,788 INFO     ___FILE_ONLY___ ═
2025-07-29 13:36:06,788 INFO     ___FILE_ONLY___ ═
2025-07-29 13:36:06,788 INFO     ___FILE_ONLY___ ═
2025-07-29 13:36:06,789 INFO     ___FILE_ONLY___ ═
2025-07-29 13:36:06,789 INFO     ___FILE_ONLY___ ═
2025-07-29 13:36:06,789 INFO     ___FILE_ONLY___ ═
2025-07-29 13:36:06,790 INFO     ___FILE_ONLY___ ═
2025-07-29 13:36:06,790 INFO     ___FILE_ONLY___ ═
2025-07-29 13:36:06,790 INFO     ___FILE_ONLY___ ═
2025-07-29 13:36:06,791 INFO     ___FILE_ONLY___ ═
2025-07-29 13:36:06,791 INFO     ___FILE_ONLY___ ═
2025-07-29 13:36:06,791 INFO     ___FILE_ONLY___ ═
2025-07-29 13:36:06,792 INFO     ___FILE_ONLY___ ═
2025-07-29 13:36:06,792 INFO     ___FILE_ONLY___ ═
2025-07-29 13:36:06,792 INFO     ___FILE_ONLY___ ═
2025-07-29 13:36:06,793 INFO     ___FILE_ONLY___ ═
2025-07-29 13:36:06,793 INFO     ___FILE_ONLY___ ═
2025-07-29 13:36:06,793 INFO     ___FILE_ONLY___ ═
2025-07-29 13:36:06,794 INFO     ___FILE_ONLY___ ═
2025-07-29 13:36:06,794 INFO     ___FILE_ONLY___ ═
2025-07-29 13:36:06,794 INFO     ___FILE_ONLY___ ═
2025-07-29 13:36:06,795 INFO     ___FILE_ONLY___ ═
2025-07-29 13:36:06,795 INFO     ___FILE_ONLY___ ═
2025-07-29 13:36:06,795 INFO     ___FILE_ONLY___ ═
2025-07-29 13:36:06,796 INFO     ___FILE_ONLY___ ═
2025-07-29 13:36:06,796 INFO     ___FILE_ONLY___ ═
2025-07-29 13:36:06,796 INFO     ___FILE_ONLY___ ═
2025-07-29 13:36:06,797 INFO     ___FILE_ONLY___ ═
2025-07-29 13:36:06,797 INFO     ___FILE_ONLY___ ═
2025-07-29 13:36:06,797 INFO     ___FILE_ONLY___ ═
2025-07-29 13:36:06,798 INFO     ___FILE_ONLY___ ═
2025-07-29 13:36:06,798 INFO     ___FILE_ONLY___ ═
2025-07-29 13:36:06,798 INFO     ___FILE_ONLY___ ═
2025-07-29 13:36:06,799 INFO     ___FILE_ONLY___ ═
2025-07-29 13:36:06,799 INFO     ___FILE_ONLY___ ═
2025-07-29 13:36:06,799 INFO     ___FILE_ONLY___ ═
2025-07-29 13:36:06,799 INFO     ___FILE_ONLY___ ╝

2025-07-29 13:36:06,802 INFO     ___FILE_ONLY___ ╔════════════════════════════════════════════════════════════╗

2025-07-29 13:36:06,802 INFO     ___FILE_ONLY___ ╠═ Downloading: Cloud Storage Command Line Tool (Platfor... ═╣

2025-07-29 13:36:06,802 INFO     ___FILE_ONLY___ ╚
2025-07-29 13:36:06,805 DEBUG    urllib3.connectionpool Starting new HTTPS connection (1): dl.google.com:443
2025-07-29 13:36:06,874 DEBUG    urllib3.connectionpool https://dl.google.com:443 "GET /dl/cloudsdk/channels/rapid/components/google-cloud-sdk-gsutil-nix-20250523104322.tar.gz HTTP/11" 200 1950
2025-07-29 13:36:06,875 INFO     ___FILE_ONLY___ ════════════════════════════════════════════════════════════
2025-07-29 13:36:06,875 INFO     ___FILE_ONLY___ ╝

2025-07-29 13:36:06,877 INFO     ___FILE_ONLY___ ╔════════════════════════════════════════════════════════════╗

2025-07-29 13:36:06,877 INFO     ___FILE_ONLY___ ╠═ Downloading: Default set of gcloud commands              ═╣

2025-07-29 13:36:06,877 INFO     ___FILE_ONLY___ ╚
2025-07-29 13:36:06,877 INFO     ___FILE_ONLY___ ════════════════════════════════════════════════════════════
2025-07-29 13:36:06,877 INFO     ___FILE_ONLY___ ╝

2025-07-29 13:36:06,879 INFO     ___FILE_ONLY___ ╔════════════════════════════════════════════════════════════╗

2025-07-29 13:36:06,879 INFO     ___FILE_ONLY___ ╠═ Downloading: Google Cloud CLI Core Libraries (Platfor... ═╣

2025-07-29 13:36:06,879 INFO     ___FILE_ONLY___ ╚
2025-07-29 13:36:06,883 DEBUG    urllib3.connectionpool Starting new HTTPS connection (1): dl.google.com:443
2025-07-29 13:36:07,225 DEBUG    urllib3.connectionpool https://dl.google.com:443 "GET /dl/cloudsdk/channels/rapid/components/google-cloud-sdk-core-nix-20250523104322.tar.gz HTTP/11" 200 2325
2025-07-29 13:36:07,225 INFO     ___FILE_ONLY___ ════════════════════════════════════════════════════════════
2025-07-29 13:36:07,226 INFO     ___FILE_ONLY___ ╝

2025-07-29 13:36:07,228 INFO     ___FILE_ONLY___ ╔════════════════════════════════════════════════════════════╗

2025-07-29 13:36:07,228 INFO     ___FILE_ONLY___ ╠═ Downloading: Google Cloud CRC32C Hash Tool               ═╣

2025-07-29 13:36:07,228 INFO     ___FILE_ONLY___ ╚
2025-07-29 13:36:07,228 INFO     ___FILE_ONLY___ ════════════════════════════════════════════════════════════
2025-07-29 13:36:07,228 INFO     ___FILE_ONLY___ ╝

2025-07-29 13:36:07,230 INFO     ___FILE_ONLY___ ╔════════════════════════════════════════════════════════════╗

2025-07-29 13:36:07,230 INFO     ___FILE_ONLY___ ╠═ Downloading: Google Cloud CRC32C Hash Tool (Platform ... ═╣

2025-07-29 13:36:07,230 INFO     ___FILE_ONLY___ ╚
2025-07-29 13:36:07,233 DEBUG    urllib3.connectionpool Starting new HTTPS connection (1): dl.google.com:443
2025-07-29 13:36:07,382 DEBUG    urllib3.connectionpool https://dl.google.com:443 "GET /dl/cloudsdk/channels/rapid/components/google-cloud-sdk-gcloud-crc32c-linux-x86_64-20250613150750.tar.gz HTTP/11" 200 1525557
2025-07-29 13:36:07,729 INFO     ___FILE_ONLY___ ═
2025-07-29 13:36:07,729 INFO     ___FILE_ONLY___ ═
2025-07-29 13:36:07,729 INFO     ___FILE_ONLY___ ═
2025-07-29 13:36:07,729 INFO     ___FILE_ONLY___ ═
2025-07-29 13:36:07,729 INFO     ___FILE_ONLY___ ═
2025-07-29 13:36:07,729 INFO     ___FILE_ONLY___ ═
2025-07-29 13:36:07,729 INFO     ___FILE_ONLY___ ═
2025-07-29 13:36:07,729 INFO     ___FILE_ONLY___ ═
2025-07-29 13:36:07,729 INFO     ___FILE_ONLY___ ═
2025-07-29 13:36:07,729 INFO     ___FILE_ONLY___ ═
2025-07-29 13:36:07,730 INFO     ___FILE_ONLY___ ═
2025-07-29 13:36:07,730 INFO     ___FILE_ONLY___ ═
2025-07-29 13:36:07,730 INFO     ___FILE_ONLY___ ═
2025-07-29 13:36:07,730 INFO     ___FILE_ONLY___ ═
2025-07-29 13:36:07,730 INFO     ___FILE_ONLY___ ═
2025-07-29 13:36:07,730 INFO     ___FILE_ONLY___ ═
2025-07-29 13:36:07,730 INFO     ___FILE_ONLY___ ═
2025-07-29 13:36:07,730 INFO     ___FILE_ONLY___ ═
2025-07-29 13:36:07,730 INFO     ___FILE_ONLY___ ═
2025-07-29 13:36:07,730 INFO     ___FILE_ONLY___ ═
2025-07-29 13:36:07,730 INFO     ___FILE_ONLY___ ═
2025-07-29 13:36:07,731 INFO     ___FILE_ONLY___ ═
2025-07-29 13:36:07,731 INFO     ___FILE_ONLY___ ═
2025-07-29 13:36:07,731 INFO     ___FILE_ONLY___ ═
2025-07-29 13:36:07,731 INFO     ___FILE_ONLY___ ═
2025-07-29 13:36:07,731 INFO     ___FILE_ONLY___ ═
2025-07-29 13:36:07,731 INFO     ___FILE_ONLY___ ═
2025-07-29 13:36:07,731 INFO     ___FILE_ONLY___ ═
2025-07-29 13:36:07,731 INFO     ___FILE_ONLY___ ═
2025-07-29 13:36:07,731 INFO     ___FILE_ONLY___ ═
2025-07-29 13:36:07,731 INFO     ___FILE_ONLY___ ═
2025-07-29 13:36:07,731 INFO     ___FILE_ONLY___ ═
2025-07-29 13:36:07,731 INFO     ___FILE_ONLY___ ═
2025-07-29 13:36:07,732 INFO     ___FILE_ONLY___ ═
2025-07-29 13:36:07,732 INFO     ___FILE_ONLY___ ═
2025-07-29 13:36:07,732 INFO     ___FILE_ONLY___ ═
2025-07-29 13:36:07,732 INFO     ___FILE_ONLY___ ═
2025-07-29 13:36:07,732 INFO     ___FILE_ONLY___ ═
2025-07-29 13:36:07,732 INFO     ___FILE_ONLY___ ═
2025-07-29 13:36:07,732 INFO     ___FILE_ONLY___ ═
2025-07-29 13:36:07,732 INFO     ___FILE_ONLY___ ═
2025-07-29 13:36:07,732 INFO     ___FILE_ONLY___ ═
2025-07-29 13:36:07,732 INFO     ___FILE_ONLY___ ═
2025-07-29 13:36:07,732 INFO     ___FILE_ONLY___ ═
2025-07-29 13:36:07,733 INFO     ___FILE_ONLY___ ═
2025-07-29 13:36:07,733 INFO     ___FILE_ONLY___ ═
2025-07-29 13:36:07,733 INFO     ___FILE_ONLY___ ═
2025-07-29 13:36:07,733 INFO     ___FILE_ONLY___ ═
2025-07-29 13:36:07,733 INFO     ___FILE_ONLY___ ═
2025-07-29 13:36:07,733 INFO     ___FILE_ONLY___ ═
2025-07-29 13:36:07,733 INFO     ___FILE_ONLY___ ═
2025-07-29 13:36:07,733 INFO     ___FILE_ONLY___ ═
2025-07-29 13:36:07,733 INFO     ___FILE_ONLY___ ═
2025-07-29 13:36:07,733 INFO     ___FILE_ONLY___ ═
2025-07-29 13:36:07,733 INFO     ___FILE_ONLY___ ═
2025-07-29 13:36:07,733 INFO     ___FILE_ONLY___ ═
2025-07-29 13:36:07,734 INFO     ___FILE_ONLY___ ═
2025-07-29 13:36:07,734 INFO     ___FILE_ONLY___ ═
2025-07-29 13:36:07,734 INFO     ___FILE_ONLY___ ═
2025-07-29 13:36:07,734 INFO     ___FILE_ONLY___ ═
2025-07-29 13:36:07,734 INFO     ___FILE_ONLY___ ╝

2025-07-29 13:36:07,736 INFO     ___FILE_ONLY___ ╔════════════════════════════════════════════════════════════╗

2025-07-29 13:36:07,736 INFO     ___FILE_ONLY___ ╠═ Downloading: gcloud cli dependencies (Platform Specific) ═╣

2025-07-29 13:36:07,736 INFO     ___FILE_ONLY___ ╚
2025-07-29 13:36:07,739 DEBUG    urllib3.connectionpool Starting new HTTPS connection (1): dl.google.com:443
2025-07-29 13:36:08,113 DEBUG    urllib3.connectionpool https://dl.google.com:443 "GET /dl/cloudsdk/channels/rapid/components/google-cloud-sdk-gcloud-deps-linux-x86_64-20210416153011.tar.gz HTTP/11" 200 104
2025-07-29 13:36:08,114 INFO     ___FILE_ONLY___ ════════════════════════════════════════════════════════════
2025-07-29 13:36:08,114 INFO     ___FILE_ONLY___ ╝

2025-07-29 13:36:08,116 INFO     ___FILE_ONLY___ ╔════════════════════════════════════════════════════════════╗

2025-07-29 13:36:08,116 INFO     ___FILE_ONLY___ ╠═ Installing: BigQuery Command Line Tool                   ═╣

2025-07-29 13:36:08,117 INFO     ___FILE_ONLY___ ╚
2025-07-29 13:36:08,213 INFO     ___FILE_ONLY___ ═
2025-07-29 13:36:08,216 INFO     ___FILE_ONLY___ ═
2025-07-29 13:36:08,219 INFO     ___FILE_ONLY___ ═
2025-07-29 13:36:08,221 INFO     ___FILE_ONLY___ ═
2025-07-29 13:36:08,224 INFO     ___FILE_ONLY___ ═
2025-07-29 13:36:08,226 INFO     ___FILE_ONLY___ ═
2025-07-29 13:36:08,229 INFO     ___FILE_ONLY___ ═
2025-07-29 13:36:08,231 INFO     ___FILE_ONLY___ ═
2025-07-29 13:36:08,233 INFO     ___FILE_ONLY___ ═
2025-07-29 13:36:08,235 INFO     ___FILE_ONLY___ ═
2025-07-29 13:36:08,238 INFO     ___FILE_ONLY___ ═
2025-07-29 13:36:08,240 INFO     ___FILE_ONLY___ ═
2025-07-29 13:36:08,242 INFO     ___FILE_ONLY___ ═
2025-07-29 13:36:08,244 INFO     ___FILE_ONLY___ ═
2025-07-29 13:36:08,246 INFO     ___FILE_ONLY___ ═
2025-07-29 13:36:08,248 INFO     ___FILE_ONLY___ ═
2025-07-29 13:36:08,251 INFO     ___FILE_ONLY___ ═
2025-07-29 13:36:08,253 INFO     ___FILE_ONLY___ ═
2025-07-29 13:36:08,255 INFO     ___FILE_ONLY___ ═
2025-07-29 13:36:08,259 INFO     ___FILE_ONLY___ ═
2025-07-29 13:36:08,261 INFO     ___FILE_ONLY___ ═
2025-07-29 13:36:08,263 INFO     ___FILE_ONLY___ ═
2025-07-29 13:36:08,266 INFO     ___FILE_ONLY___ ═
2025-07-29 13:36:08,267 INFO     ___FILE_ONLY___ ═
2025-07-29 13:36:08,269 INFO     ___FILE_ONLY___ ═
2025-07-29 13:36:08,271 INFO     ___FILE_ONLY___ ═
2025-07-29 13:36:08,274 INFO     ___FILE_ONLY___ ═
2025-07-29 13:36:08,276 INFO     ___FILE_ONLY___ ═
2025-07-29 13:36:08,278 INFO     ___FILE_ONLY___ ═
2025-07-29 13:36:08,282 INFO     ___FILE_ONLY___ ═
2025-07-29 13:36:08,284 INFO     ___FILE_ONLY___ ═
2025-07-29 13:36:08,286 INFO     ___FILE_ONLY___ ═
2025-07-29 13:36:08,288 INFO     ___FILE_ONLY___ ═
2025-07-29 13:36:08,292 INFO     ___FILE_ONLY___ ═
2025-07-29 13:36:08,294 INFO     ___FILE_ONLY___ ═
2025-07-29 13:36:08,302 INFO     ___FILE_ONLY___ ═
2025-07-29 13:36:08,307 INFO     ___FILE_ONLY___ ═
2025-07-29 13:36:08,312 INFO     ___FILE_ONLY___ ═
2025-07-29 13:36:08,314 INFO     ___FILE_ONLY___ ═
2025-07-29 13:36:08,316 INFO     ___FILE_ONLY___ ═
2025-07-29 13:36:08,319 INFO     ___FILE_ONLY___ ═
2025-07-29 13:36:08,321 INFO     ___FILE_ONLY___ ═
2025-07-29 13:36:08,324 INFO     ___FILE_ONLY___ ═
2025-07-29 13:36:08,328 INFO     ___FILE_ONLY___ ═
2025-07-29 13:36:08,330 INFO     ___FILE_ONLY___ ═
2025-07-29 13:36:08,332 INFO     ___FILE_ONLY___ ═
2025-07-29 13:36:08,334 INFO     ___FILE_ONLY___ ═
2025-07-29 13:36:08,337 INFO     ___FILE_ONLY___ ═
2025-07-29 13:36:08,339 INFO     ___FILE_ONLY___ ═
2025-07-29 13:36:08,342 INFO     ___FILE_ONLY___ ═
2025-07-29 13:36:08,344 INFO     ___FILE_ONLY___ ═
2025-07-29 13:36:08,346 INFO     ___FILE_ONLY___ ═
2025-07-29 13:36:08,348 INFO     ___FILE_ONLY___ ═
2025-07-29 13:36:08,351 INFO     ___FILE_ONLY___ ═
2025-07-29 13:36:08,353 INFO     ___FILE_ONLY___ ═
2025-07-29 13:36:08,355 INFO     ___FILE_ONLY___ ═
2025-07-29 13:36:08,358 INFO     ___FILE_ONLY___ ═
2025-07-29 13:36:08,360 INFO     ___FILE_ONLY___ ═
2025-07-29 13:36:08,361 INFO     ___FILE_ONLY___ ═
2025-07-29 13:36:08,364 INFO     ___FILE_ONLY___ ═
2025-07-29 13:36:08,364 INFO     ___FILE_ONLY___ ╝

2025-07-29 13:36:08,372 INFO     ___FILE_ONLY___ ╔════════════════════════════════════════════════════════════╗

2025-07-29 13:36:08,372 INFO     ___FILE_ONLY___ ╠═ Installing: BigQuery Command Line Tool (Platform Spec... ═╣

2025-07-29 13:36:08,372 INFO     ___FILE_ONLY___ ╚
2025-07-29 13:36:08,373 INFO     ___FILE_ONLY___ ════════════════════════════════════════════════════════════
2025-07-29 13:36:08,373 INFO     ___FILE_ONLY___ ╝

2025-07-29 13:36:08,380 INFO     ___FILE_ONLY___ ╔════════════════════════════════════════════════════════════╗

2025-07-29 13:36:08,380 INFO     ___FILE_ONLY___ ╠═ Installing: Bundled Python 3.12                          ═╣

2025-07-29 13:36:08,380 INFO     ___FILE_ONLY___ ╚
2025-07-29 13:36:08,382 INFO     ___FILE_ONLY___ ════════════════════════════════════════════════════════════
2025-07-29 13:36:08,383 INFO     ___FILE_ONLY___ ╝

2025-07-29 13:36:08,384 INFO     ___FILE_ONLY___ ╔════════════════════════════════════════════════════════════╗

2025-07-29 13:36:08,384 INFO     ___FILE_ONLY___ ╠═ Installing: Bundled Python 3.12 (Platform Specific)      ═╣

2025-07-29 13:36:08,384 INFO     ___FILE_ONLY___ ╚
2025-07-29 13:36:10,620 INFO     ___FILE_ONLY___ ═
2025-07-29 13:36:10,633 INFO     ___FILE_ONLY___ ═
2025-07-29 13:36:10,645 INFO     ___FILE_ONLY___ ═
2025-07-29 13:36:10,658 INFO     ___FILE_ONLY___ ═
2025-07-29 13:36:10,671 INFO     ___FILE_ONLY___ ═
2025-07-29 13:36:10,685 INFO     ___FILE_ONLY___ ═
2025-07-29 13:36:10,699 INFO     ___FILE_ONLY___ ═
2025-07-29 13:36:10,711 INFO     ___FILE_ONLY___ ═
2025-07-29 13:36:10,724 INFO     ___FILE_ONLY___ ═
2025-07-29 13:36:10,738 INFO     ___FILE_ONLY___ ═
2025-07-29 13:36:10,751 INFO     ___FILE_ONLY___ ═
2025-07-29 13:36:10,763 INFO     ___FILE_ONLY___ ═
2025-07-29 13:36:10,776 INFO     ___FILE_ONLY___ ═
2025-07-29 13:36:10,790 INFO     ___FILE_ONLY___ ═
2025-07-29 13:36:10,805 INFO     ___FILE_ONLY___ ═
2025-07-29 13:36:10,820 INFO     ___FILE_ONLY___ ═
2025-07-29 13:36:10,835 INFO     ___FILE_ONLY___ ═
2025-07-29 13:36:10,850 INFO     ___FILE_ONLY___ ═
2025-07-29 13:36:10,865 INFO     ___FILE_ONLY___ ═
2025-07-29 13:36:10,879 INFO     ___FILE_ONLY___ ═
2025-07-29 13:36:10,893 INFO     ___FILE_ONLY___ ═
2025-07-29 13:36:10,907 INFO     ___FILE_ONLY___ ═
2025-07-29 13:36:10,920 INFO     ___FILE_ONLY___ ═
2025-07-29 13:36:10,933 INFO     ___FILE_ONLY___ ═
2025-07-29 13:36:10,947 INFO     ___FILE_ONLY___ ═
2025-07-29 13:36:10,960 INFO     ___FILE_ONLY___ ═
2025-07-29 13:36:10,973 INFO     ___FILE_ONLY___ ═
2025-07-29 13:36:10,986 INFO     ___FILE_ONLY___ ═
2025-07-29 13:36:11,000 INFO     ___FILE_ONLY___ ═
2025-07-29 13:36:11,013 INFO     ___FILE_ONLY___ ═
2025-07-29 13:36:11,027 INFO     ___FILE_ONLY___ ═
2025-07-29 13:36:11,040 INFO     ___FILE_ONLY___ ═
2025-07-29 13:36:11,054 INFO     ___FILE_ONLY___ ═
2025-07-29 13:36:11,068 INFO     ___FILE_ONLY___ ═
2025-07-29 13:36:11,086 INFO     ___FILE_ONLY___ ═
2025-07-29 13:36:11,102 INFO     ___FILE_ONLY___ ═
2025-07-29 13:36:12,007 INFO     ___FILE_ONLY___ ═
2025-07-29 13:36:12,035 INFO     ___FILE_ONLY___ ═
2025-07-29 13:36:12,559 INFO     ___FILE_ONLY___ ═
2025-07-29 13:36:12,579 INFO     ___FILE_ONLY___ ═
2025-07-29 13:36:12,604 INFO     ___FILE_ONLY___ ═
2025-07-29 13:36:12,634 INFO     ___FILE_ONLY___ ═
2025-07-29 13:36:12,656 INFO     ___FILE_ONLY___ ═
2025-07-29 13:36:12,686 INFO     ___FILE_ONLY___ ═
2025-07-29 13:36:12,707 INFO     ___FILE_ONLY___ ═
2025-07-29 13:36:12,727 INFO     ___FILE_ONLY___ ═
2025-07-29 13:36:12,746 INFO     ___FILE_ONLY___ ═
2025-07-29 13:36:12,766 INFO     ___FILE_ONLY___ ═
2025-07-29 13:36:12,858 INFO     ___FILE_ONLY___ ═
2025-07-29 13:36:12,877 INFO     ___FILE_ONLY___ ═
2025-07-29 13:36:13,020 INFO     ___FILE_ONLY___ ═
2025-07-29 13:36:13,037 INFO     ___FILE_ONLY___ ═
2025-07-29 13:36:13,055 INFO     ___FILE_ONLY___ ═
2025-07-29 13:36:13,073 INFO     ___FILE_ONLY___ ═
2025-07-29 13:36:13,089 INFO     ___FILE_ONLY___ ═
2025-07-29 13:36:13,108 INFO     ___FILE_ONLY___ ═
2025-07-29 13:36:13,126 INFO     ___FILE_ONLY___ ═
2025-07-29 13:36:13,144 INFO     ___FILE_ONLY___ ═
2025-07-29 13:36:13,173 INFO     ___FILE_ONLY___ ═
2025-07-29 13:36:13,682 INFO     ___FILE_ONLY___ ═
2025-07-29 13:36:13,682 INFO     ___FILE_ONLY___ ╝

2025-07-29 13:36:13,738 INFO     ___FILE_ONLY___ ╔════════════════════════════════════════════════════════════╗

2025-07-29 13:36:13,739 INFO     ___FILE_ONLY___ ╠═ Installing: Cloud Storage Command Line Tool              ═╣

2025-07-29 13:36:13,739 INFO     ___FILE_ONLY___ ╚
2025-07-29 13:36:14,290 INFO     ___FILE_ONLY___ ═
2025-07-29 13:36:14,302 INFO     ___FILE_ONLY___ ═
2025-07-29 13:36:14,314 INFO     ___FILE_ONLY___ ═
2025-07-29 13:36:14,324 INFO     ___FILE_ONLY___ ═
2025-07-29 13:36:14,335 INFO     ___FILE_ONLY___ ═
2025-07-29 13:36:14,371 INFO     ___FILE_ONLY___ ═
2025-07-29 13:36:14,385 INFO     ___FILE_ONLY___ ═
2025-07-29 13:36:14,402 INFO     ___FILE_ONLY___ ═
2025-07-29 13:36:14,418 INFO     ___FILE_ONLY___ ═
2025-07-29 13:36:14,435 INFO     ___FILE_ONLY___ ═
2025-07-29 13:36:14,454 INFO     ___FILE_ONLY___ ═
2025-07-29 13:36:14,466 INFO     ___FILE_ONLY___ ═
2025-07-29 13:36:14,479 INFO     ___FILE_ONLY___ ═
2025-07-29 13:36:14,488 INFO     ___FILE_ONLY___ ═
2025-07-29 13:36:14,499 INFO     ___FILE_ONLY___ ═
2025-07-29 13:36:14,518 INFO     ___FILE_ONLY___ ═
2025-07-29 13:36:14,532 INFO     ___FILE_ONLY___ ═
2025-07-29 13:36:14,543 INFO     ___FILE_ONLY___ ═
2025-07-29 13:36:14,555 INFO     ___FILE_ONLY___ ═
2025-07-29 13:36:14,567 INFO     ___FILE_ONLY___ ═
2025-07-29 13:36:14,578 INFO     ___FILE_ONLY___ ═
2025-07-29 13:36:14,592 INFO     ___FILE_ONLY___ ═
2025-07-29 13:36:14,602 INFO     ___FILE_ONLY___ ═
2025-07-29 13:36:14,614 INFO     ___FILE_ONLY___ ═
2025-07-29 13:36:14,625 INFO     ___FILE_ONLY___ ═
2025-07-29 13:36:14,636 INFO     ___FILE_ONLY___ ═
2025-07-29 13:36:14,647 INFO     ___FILE_ONLY___ ═
2025-07-29 13:36:14,662 INFO     ___FILE_ONLY___ ═
2025-07-29 13:36:14,679 INFO     ___FILE_ONLY___ ═
2025-07-29 13:36:14,693 INFO     ___FILE_ONLY___ ═
2025-07-29 13:36:14,706 INFO     ___FILE_ONLY___ ═
2025-07-29 13:36:14,728 INFO     ___FILE_ONLY___ ═
2025-07-29 13:36:14,744 INFO     ___FILE_ONLY___ ═
2025-07-29 13:36:14,764 INFO     ___FILE_ONLY___ ═
2025-07-29 13:36:14,779 INFO     ___FILE_ONLY___ ═
2025-07-29 13:36:14,797 INFO     ___FILE_ONLY___ ═
2025-07-29 13:36:14,807 INFO     ___FILE_ONLY___ ═
2025-07-29 13:36:14,818 INFO     ___FILE_ONLY___ ═
2025-07-29 13:36:14,855 INFO     ___FILE_ONLY___ ═
2025-07-29 13:36:14,870 INFO     ___FILE_ONLY___ ═
2025-07-29 13:36:14,882 INFO     ___FILE_ONLY___ ═
2025-07-29 13:36:14,893 INFO     ___FILE_ONLY___ ═
2025-07-29 13:36:14,904 INFO     ___FILE_ONLY___ ═
2025-07-29 13:36:14,916 INFO     ___FILE_ONLY___ ═
2025-07-29 13:36:14,928 INFO     ___FILE_ONLY___ ═
2025-07-29 13:36:14,939 INFO     ___FILE_ONLY___ ═
2025-07-29 13:36:14,949 INFO     ___FILE_ONLY___ ═
2025-07-29 13:36:14,959 INFO     ___FILE_ONLY___ ═
2025-07-29 13:36:14,970 INFO     ___FILE_ONLY___ ═
2025-07-29 13:36:14,984 INFO     ___FILE_ONLY___ ═
2025-07-29 13:36:14,999 INFO     ___FILE_ONLY___ ═
2025-07-29 13:36:15,012 INFO     ___FILE_ONLY___ ═
2025-07-29 13:36:15,026 INFO     ___FILE_ONLY___ ═
2025-07-29 13:36:15,041 INFO     ___FILE_ONLY___ ═
2025-07-29 13:36:15,054 INFO     ___FILE_ONLY___ ═
2025-07-29 13:36:15,070 INFO     ___FILE_ONLY___ ═
2025-07-29 13:36:15,086 INFO     ___FILE_ONLY___ ═
2025-07-29 13:36:15,108 INFO     ___FILE_ONLY___ ═
2025-07-29 13:36:15,126 INFO     ___FILE_ONLY___ ═
2025-07-29 13:36:15,145 INFO     ___FILE_ONLY___ ═
2025-07-29 13:36:15,145 INFO     ___FILE_ONLY___ ╝

2025-07-29 13:36:15,177 INFO     ___FILE_ONLY___ ╔════════════════════════════════════════════════════════════╗

2025-07-29 13:36:15,178 INFO     ___FILE_ONLY___ ╠═ Installing: Cloud Storage Command Line Tool (Platform... ═╣

2025-07-29 13:36:15,178 INFO     ___FILE_ONLY___ ╚
2025-07-29 13:36:15,179 INFO     ___FILE_ONLY___ ════════════════════════════════════════════════════════════
2025-07-29 13:36:15,179 INFO     ___FILE_ONLY___ ╝

2025-07-29 13:36:15,183 INFO     ___FILE_ONLY___ ╔════════════════════════════════════════════════════════════╗

2025-07-29 13:36:15,183 INFO     ___FILE_ONLY___ ╠═ Installing: Default set of gcloud commands               ═╣

2025-07-29 13:36:15,183 INFO     ___FILE_ONLY___ ╚
2025-07-29 13:36:15,186 INFO     ___FILE_ONLY___ ════════════════════════════════════════════════════════════
2025-07-29 13:36:15,186 INFO     ___FILE_ONLY___ ╝

2025-07-29 13:36:15,188 INFO     ___FILE_ONLY___ ╔════════════════════════════════════════════════════════════╗

2025-07-29 13:36:15,188 INFO     ___FILE_ONLY___ ╠═ Installing: Google Cloud CLI Core Libraries (Platform... ═╣

2025-07-29 13:36:15,188 INFO     ___FILE_ONLY___ ╚
2025-07-29 13:36:15,189 INFO     ___FILE_ONLY___ ══════════════════════════════
2025-07-29 13:36:15,190 INFO     ___FILE_ONLY___ ══════════════════════════════
2025-07-29 13:36:15,190 INFO     ___FILE_ONLY___ ╝

2025-07-29 13:36:15,194 INFO     ___FILE_ONLY___ ╔════════════════════════════════════════════════════════════╗

2025-07-29 13:36:15,194 INFO     ___FILE_ONLY___ ╠═ Installing: Google Cloud CRC32C Hash Tool                ═╣

2025-07-29 13:36:15,194 INFO     ___FILE_ONLY___ ╚
2025-07-29 13:36:15,197 INFO     ___FILE_ONLY___ ════════════════════════════════════════════════════════════
2025-07-29 13:36:15,197 INFO     ___FILE_ONLY___ ╝

2025-07-29 13:36:15,199 INFO     ___FILE_ONLY___ ╔════════════════════════════════════════════════════════════╗

2025-07-29 13:36:15,199 INFO     ___FILE_ONLY___ ╠═ Installing: Google Cloud CRC32C Hash Tool (Platform S... ═╣

2025-07-29 13:36:15,199 INFO     ___FILE_ONLY___ ╚
2025-07-29 13:36:15,239 INFO     ___FILE_ONLY___ ══════════════════════════════
2025-07-29 13:36:15,240 INFO     ___FILE_ONLY___ ══════════════════════════════
2025-07-29 13:36:15,240 INFO     ___FILE_ONLY___ ╝

2025-07-29 13:36:15,245 INFO     ___FILE_ONLY___ ╔════════════════════════════════════════════════════════════╗

2025-07-29 13:36:15,245 INFO     ___FILE_ONLY___ ╠═ Installing: gcloud cli dependencies (Platform Specific)  ═╣

2025-07-29 13:36:15,245 INFO     ___FILE_ONLY___ ╚
2025-07-29 13:36:15,246 INFO     ___FILE_ONLY___ ════════════════════════════════════════════════════════════
2025-07-29 13:36:15,246 INFO     ___FILE_ONLY___ ╝

2025-07-29 13:36:15,251 DEBUG    root            Updating notification cache...
2025-07-29 13:36:15,252 INFO     ___FILE_ONLY___ 

2025-07-29 13:36:15,254 INFO     ___FILE_ONLY___ Performing post processing steps...
2025-07-29 13:36:15,254 DEBUG    root            Executing command: ['/tools/google-cloud-sdk/bin/gcloud', 'components', 'post-process']
2025-07-29 13:36:24,170 DEBUG    ___FILE_ONLY___ 
2025-07-29 13:36:24,170 DEBUG    ___FILE_ONLY___ 
2025-07-29 13:36:24,310 INFO     root            descriptor_list: [{'universeDomain': 'googleapis.com', 'universeShortName': '', 'authenticationDomain': 'auth.cloud.google.com', 'projectPrefix': '', 'cloudWebDomain': 'cloud.google.com', 'documentationDomain': 'cloud.google.com', 'version': '1.0.0', 'state': 'primary', 'artifactRegistryDomain': 'pkg.dev'}]
2025-07-29 13:36:24,311 INFO     ___FILE_ONLY___ 
Update done!


2025-07-29 13:36:24,314 DEBUG    root            Chosen display Format:none
2025-07-29 13:36:24,314 INFO     root            Display format: "none"
